<?xml version="1.0" encoding="UTF-8"?>
<!-- Generated by org.testng.reporters.JUnitReportReporter -->
<testsuite hostname="Girish" failures="0" tests="1" name="com.crm.qa.TestCases.ContactsNewPageTest" time="15.380" errors="0" timestamp="24 May 2020 21:03:43 GMT">
  <testcase classname="com.crm.qa.TestCases.ContactsNewPageTest" name="validatCreateNewContact" time="15.380"/>
</testsuite> <!-- com.crm.qa.TestCases.ContactsNewPageTest -->
