<?xml version="1.0" encoding="UTF-8"?>
<!-- Generated by org.testng.reporters.JUnitReportReporter -->
<testsuite hostname="Girish" failures="0" tests="4" name="com.crm.qa.TestCases.HomePageTest" time="29.866" errors="0" timestamp="12 Jul 2020 21:14:04 GMT">
  <testcase classname="com.crm.qa.TestCases.HomePageTest" name="TestHomePageTitle" time="5.550"/>
  <testcase classname="com.crm.qa.TestCases.HomePageTest" name="TestClickonDealsLink" time="8.740"/>
  <testcase classname="com.crm.qa.TestCases.HomePageTest" name="TestHomePageUserName" time="8.336"/>
  <testcase classname="com.crm.qa.TestCases.HomePageTest" name="TestClickonContactsLink" time="7.240"/>
</testsuite> <!-- com.crm.qa.TestCases.HomePageTest -->
