<?xml version="1.0" encoding="UTF-8"?>
<!-- Generated by org.testng.reporters.JUnitReportReporter -->
<testsuite hostname="Girish" failures="0" tests="7" name="com.crm.qa.TestCases.ContactsPageTest" time="141.544" errors="0" timestamp="20 Jun 2020 09:03:35 GMT">
  <testcase classname="com.crm.qa.TestCases.ContactsPageTest" name="validateCreateNewContact" time="15.058"/>
  <testcase classname="com.crm.qa.TestCases.ContactsPageTest" name="VerifyContactsPageLableTest" time="11.807"/>
  <testcase classname="com.crm.qa.TestCases.ContactsPageTest" name="SelectSingleContactTest" time="42.411"/>
  <testcase classname="com.crm.qa.TestCases.ContactsPageTest" name="validateCreateNewContact" time="15.754"/>
  <testcase classname="com.crm.qa.TestCases.ContactsPageTest" name="validateCreateNewContact" time="15.394"/>
  <testcase classname="com.crm.qa.TestCases.ContactsPageTest" name="validateCreateNewContact" time="16.608"/>
  <testcase classname="com.crm.qa.TestCases.ContactsPageTest" name="SelectMultipleContactTest" time="24.512"/>
</testsuite> <!-- com.crm.qa.TestCases.ContactsPageTest -->
