<?xml version="1.0" encoding="UTF-8"?>
<!-- Generated by org.testng.reporters.JUnitReportReporter -->
<testsuite hostname="Girish" failures="0" tests="2" name="com.crm.qa.TestCases.LoginPageTest" time="12.610" errors="0" timestamp="12 Jul 2020 21:14:04 GMT">
  <testcase classname="com.crm.qa.TestCases.LoginPageTest" name="LoginTest" time="5.537"/>
  <testcase classname="com.crm.qa.TestCases.LoginPageTest" name="LoginPageTitle" time="7.073"/>
</testsuite> <!-- com.crm.qa.TestCases.LoginPageTest -->
